<?xml version="1.0" encoding="UTF-8"?>
<!-- Generated by org.testng.reporters.JUnitReportReporter -->
<testsuite hostname="L-156083121" name="com.umair.facebook.pom.testcases.LoginTest" tests="1" failures="0" timestamp="27 Oct 2016 16:10:38 GMT" time="30.720" errors="0">
  <testcase name="loginTest" time="30.720" classname="com.umair.facebook.pom.testcases.LoginTest"/>
</testsuite> <!-- com.umair.facebook.pom.testcases.LoginTest -->
