<?xml version="1.0" encoding="UTF-8"?>
<!-- Generated by org.testng.reporters.JUnitReportReporter -->
<testsuite hostname="Dev" name="com.umair.facebook.pom.testcases.ProfileTest" tests="1" failures="0" timestamp="31 Aug 2016 12:38:57 GMT" time="23.033" errors="0">
  <testcase name="testProfile" time="23.033" classname="com.umair.facebook.pom.testcases.ProfileTest"/>
</testsuite> <!-- com.umair.facebook.pom.testcases.ProfileTest -->
