<?xml version="1.0" encoding="UTF-8"?>
<!-- Generated by org.testng.reporters.JUnitReportReporter -->
<testsuite hostname="L-156083121" name="com.umair.facebook.pom.testcases.ProfileTest" tests="1" failures="0" timestamp="12 Oct 2016 19:50:43 GMT" time="31.685" errors="0">
  <testcase name="testProfile" time="31.685" classname="com.umair.facebook.pom.testcases.ProfileTest"/>
</testsuite> <!-- com.umair.facebook.pom.testcases.ProfileTest -->
