<?xml version="1.0" encoding="UTF-8"?>
<!-- Generated by org.testng.reporters.JUnitReportReporter -->
<testsuite hostname="Dev" name="com.umair.facebook.pom.testcases.ProfileTest" tests="1" failures="0" timestamp="24 Aug 2016 12:31:49 GMT" time="13.285" errors="0">
  <testcase name="testProfile" time="13.285" classname="com.umair.facebook.pom.testcases.ProfileTest"/>
</testsuite> <!-- com.umair.facebook.pom.testcases.ProfileTest -->
